C:\USERS\LOVE1\DESKTOP\HUSTBASE\HUSTBASE\DEBUG\BITMANAGER.OBJ
C:\USERS\LOVE1\DESKTOP\HUSTBASE\HUSTBASE\DEBUG\BITMANAGER.SBR
C:\Users\love1\Desktop\HustBase\hustbase\Debug\BscMake.command.1.tlog
C:\Users\love1\Desktop\HustBase\hustbase\Debug\bscmake.read.1.tlog
C:\Users\love1\Desktop\HustBase\hustbase\Debug\bscmake.write.1.tlog
C:\Users\love1\Desktop\HustBase\hustbase\Debug\cl.command.1.tlog
C:\Users\love1\Desktop\HustBase\hustbase\Debug\CL.read.1.tlog
C:\Users\love1\Desktop\HustBase\hustbase\Debug\CL.write.1.tlog
C:\USERS\LOVE1\DESKTOP\HUSTBASE\HUSTBASE\DEBUG\DBTEST.OBJ
C:\USERS\LOVE1\DESKTOP\HUSTBASE\HUSTBASE\DEBUG\DBTEST.SBR
C:\USERS\LOVE1\DESKTOP\HUSTBASE\HUSTBASE\DEBUG\EDITAREA.OBJ
C:\USERS\LOVE1\DESKTOP\HUSTBASE\HUSTBASE\DEBUG\EDITAREA.SBR
C:\USERS\LOVE1\DESKTOP\HUSTBASE\HUSTBASE\DEBUG\HUSTBASE.BSC
C:\USERS\LOVE1\DESKTOP\HUSTBASE\HUSTBASE\DEBUG\HUSTBASE.DLL
C:\Users\love1\Desktop\HustBase\hustbase\Debug\HustBase.exe
C:\USERS\LOVE1\DESKTOP\HUSTBASE\HUSTBASE\DEBUG\HUSTBASE.EXE.EMBED.MANIFEST
C:\USERS\LOVE1\DESKTOP\HUSTBASE\HUSTBASE\DEBUG\HUSTBASE.EXE.EMBED.MANIFEST.RES
C:\USERS\LOVE1\DESKTOP\HUSTBASE\HUSTBASE\DEBUG\HUSTBASE.EXE.INTERMEDIATE.MANIFEST
C:\Users\love1\Desktop\HustBase\hustbase\Debug\HustBase.exp
C:\USERS\LOVE1\DESKTOP\HUSTBASE\HUSTBASE\DEBUG\HUSTBASE.ILK
C:\Users\love1\Desktop\HustBase\hustbase\Debug\HustBase.lib
C:\USERS\LOVE1\DESKTOP\HUSTBASE\HUSTBASE\DEBUG\HUSTBASE.OBJ
C:\USERS\LOVE1\DESKTOP\HUSTBASE\HUSTBASE\DEBUG\HUSTBASE.PCH
C:\USERS\LOVE1\DESKTOP\HUSTBASE\HUSTBASE\DEBUG\HUSTBASE.PDB
C:\USERS\LOVE1\DESKTOP\HUSTBASE\HUSTBASE\DEBUG\HUSTBASE.RES
C:\USERS\LOVE1\DESKTOP\HUSTBASE\HUSTBASE\DEBUG\HUSTBASE.SBR
C:\Users\love1\Desktop\HustBase\hustbase\Debug\HustBase.vcxprojResolveAssemblyReference.cache
C:\Users\love1\Desktop\HustBase\hustbase\Debug\HustBase.write.1.tlog
C:\Users\love1\Desktop\HustBase\hustbase\Debug\HustBase_manifest.rc
C:\USERS\LOVE1\DESKTOP\HUSTBASE\HUSTBASE\DEBUG\HUSTBASEDOC.OBJ
C:\USERS\LOVE1\DESKTOP\HUSTBASE\HUSTBASE\DEBUG\HUSTBASEDOC.SBR
C:\USERS\LOVE1\DESKTOP\HUSTBASE\HUSTBASE\DEBUG\HUSTBASEVIEW.OBJ
C:\USERS\LOVE1\DESKTOP\HUSTBASE\HUSTBASE\DEBUG\HUSTBASEVIEW.SBR
C:\USERS\LOVE1\DESKTOP\HUSTBASE\HUSTBASE\DEBUG\IX_MANAGER.OBJ
C:\USERS\LOVE1\DESKTOP\HUSTBASE\HUSTBASE\DEBUG\IX_MANAGER.SBR
C:\USERS\LOVE1\DESKTOP\HUSTBASE\HUSTBASE\DEBUG\LEX.YY.OBJ
C:\USERS\LOVE1\DESKTOP\HUSTBASE\HUSTBASE\DEBUG\LEX.YY.SBR
C:\Users\love1\Desktop\HustBase\hustbase\Debug\link.10124.read.1.tlog
C:\Users\love1\Desktop\HustBase\hustbase\Debug\link.10124.write.1.tlog
C:\Users\love1\Desktop\HustBase\hustbase\Debug\link.10124-cvtres.read.1.tlog
C:\Users\love1\Desktop\HustBase\hustbase\Debug\link.10124-cvtres.write.1.tlog
C:\Users\love1\Desktop\HustBase\hustbase\Debug\link.24748.read.1.tlog
C:\Users\love1\Desktop\HustBase\hustbase\Debug\link.24748.write.1.tlog
C:\Users\love1\Desktop\HustBase\hustbase\Debug\link.24748-cvtres.read.1.tlog
C:\Users\love1\Desktop\HustBase\hustbase\Debug\link.24748-cvtres.write.1.tlog
C:\Users\love1\Desktop\HustBase\hustbase\Debug\link.command.1.tlog
C:\Users\love1\Desktop\HustBase\hustbase\Debug\link.read.1.tlog
C:\Users\love1\Desktop\HustBase\hustbase\Debug\link.write.1.tlog
C:\Users\love1\Desktop\HustBase\hustbase\Debug\link-cvtres.read.1.tlog
C:\Users\love1\Desktop\HustBase\hustbase\Debug\link-cvtres.write.1.tlog
C:\USERS\LOVE1\DESKTOP\HUSTBASE\HUSTBASE\DEBUG\MAINFRM.OBJ
C:\USERS\LOVE1\DESKTOP\HUSTBASE\HUSTBASE\DEBUG\MAINFRM.SBR
C:\Users\love1\Desktop\HustBase\hustbase\Debug\mt.command.1.tlog
C:\Users\love1\Desktop\HustBase\hustbase\Debug\mt.read.1.tlog
C:\Users\love1\Desktop\HustBase\hustbase\Debug\mt.write.1.tlog
C:\USERS\LOVE1\DESKTOP\HUSTBASE\HUSTBASE\DEBUG\PARSE.OBJ
C:\USERS\LOVE1\DESKTOP\HUSTBASE\HUSTBASE\DEBUG\PARSE.SBR
C:\USERS\LOVE1\DESKTOP\HUSTBASE\HUSTBASE\DEBUG\PF_MANAGER.OBJ
C:\USERS\LOVE1\DESKTOP\HUSTBASE\HUSTBASE\DEBUG\PF_MANAGER.SBR
C:\USERS\LOVE1\DESKTOP\HUSTBASE\HUSTBASE\DEBUG\QU_MANAGER.OBJ
C:\USERS\LOVE1\DESKTOP\HUSTBASE\HUSTBASE\DEBUG\QU_MANAGER.SBR
C:\Users\love1\Desktop\HustBase\hustbase\Debug\rc.command.1.tlog
C:\Users\love1\Desktop\HustBase\hustbase\Debug\rc.read.1.tlog
C:\Users\love1\Desktop\HustBase\hustbase\Debug\rc.write.1.tlog
C:\USERS\LOVE1\DESKTOP\HUSTBASE\HUSTBASE\DEBUG\RM_MANAGER.OBJ
C:\USERS\LOVE1\DESKTOP\HUSTBASE\HUSTBASE\DEBUG\RM_MANAGER.SBR
C:\USERS\LOVE1\DESKTOP\HUSTBASE\HUSTBASE\DEBUG\STDAFX.OBJ
C:\USERS\LOVE1\DESKTOP\HUSTBASE\HUSTBASE\DEBUG\STDAFX.SBR
C:\USERS\LOVE1\DESKTOP\HUSTBASE\HUSTBASE\DEBUG\SYS_MANAGER.OBJ
C:\USERS\LOVE1\DESKTOP\HUSTBASE\HUSTBASE\DEBUG\SYS_MANAGER.SBR
C:\USERS\LOVE1\DESKTOP\HUSTBASE\HUSTBASE\DEBUG\TABLELIST.OBJ
C:\USERS\LOVE1\DESKTOP\HUSTBASE\HUSTBASE\DEBUG\TABLELIST.SBR
C:\USERS\LOVE1\DESKTOP\HUSTBASE\HUSTBASE\DEBUG\TREELIST.OBJ
C:\USERS\LOVE1\DESKTOP\HUSTBASE\HUSTBASE\DEBUG\TREELIST.SBR
C:\Users\love1\Desktop\HustBase\hustbase\Debug\vc100.idb
C:\USERS\LOVE1\DESKTOP\HUSTBASE\HUSTBASE\DEBUG\VC100.PDB
C:\USERS\LOVE1\DESKTOP\HUSTBASE\HUSTBASE\DEBUG\YACC_SQL.TAB.OBJ
C:\USERS\LOVE1\DESKTOP\HUSTBASE\HUSTBASE\DEBUG\YACC_SQL.TAB.SBR
Debug\HustBase.bsc
Debug\HustBase.ilk
Debug\HustBase.pdb
