Build started 2020/1/5 17:28:24.
     1>Project "C:\Users\love1\Desktop\HustBase\hustbase\HustBase.vcxproj" on node 2 (build target(s)).
     1>InitializeBuildStatus:
         Creating "Debug\HustBase.unsuccessfulbuild" because "AlwaysCreate" was specified.
       ClCompile:
         All outputs are up-to-date.
         c:\Program Files (x86)\Microsoft Visual Studio 10.0\VC\bin\CL.exe /c /ZI /nologo /W3 /WX- /Od /Oy- /D WIN32 /D _DEBUG /D _WINDOWS /D _VC80_UPGRADE=0x0600 /D _MBCS /D _AFXDLL /Gm /EHsc /RTC1 /MDd /GS /Gy- /fp:precise /Zc:wchar_t /Zc:forScope /Yu"stdafx.h" /Fp".\Debug\HustBase.pch" /Fo".\Debug\\" /Fd".\Debug\vc100.pdb" /FR"Debug\\" /Gd /TP /analyze- /errorReport:prompt DBTest.cpp EditArea.cpp HustBase.cpp HustBaseDoc.cpp HustBaseView.cpp IX_Manager.cpp MainFrm.cpp QU_Manager.cpp RM_Manager.cpp SYS_Manager.cpp TableList.cpp TreeList.cpp
         SYS_Manager.cpp
     1>c:\users\love1\desktop\hustbase\hustbase\sys_manager.cpp(53): warning C4996: 'sprintf': This function or variable may be unsafe. Consider using sprintf_s instead. To disable deprecation, use _CRT_SECURE_NO_WARNINGS. See online help for details.
                 c:\program files (x86)\microsoft visual studio 10.0\vc\include\stdio.h(371) : see declaration of 'sprintf'
     1>c:\users\love1\desktop\hustbase\hustbase\sys_manager.cpp(112): warning C4996: 'sprintf': This function or variable may be unsafe. Consider using sprintf_s instead. To disable deprecation, use _CRT_SECURE_NO_WARNINGS. See online help for details.
                 c:\program files (x86)\microsoft visual studio 10.0\vc\include\stdio.h(371) : see declaration of 'sprintf'
     1>c:\users\love1\desktop\hustbase\hustbase\sys_manager.cpp(117): warning C4996: 'sprintf': This function or variable may be unsafe. Consider using sprintf_s instead. To disable deprecation, use _CRT_SECURE_NO_WARNINGS. See online help for details.
                 c:\program files (x86)\microsoft visual studio 10.0\vc\include\stdio.h(371) : see declaration of 'sprintf'
     1>c:\users\love1\desktop\hustbase\hustbase\sys_manager.cpp(122): warning C4996: 'sprintf': This function or variable may be unsafe. Consider using sprintf_s instead. To disable deprecation, use _CRT_SECURE_NO_WARNINGS. See online help for details.
                 c:\program files (x86)\microsoft visual studio 10.0\vc\include\stdio.h(371) : see declaration of 'sprintf'
     1>c:\users\love1\desktop\hustbase\hustbase\sys_manager.cpp(187): warning C4996: 'sprintf': This function or variable may be unsafe. Consider using sprintf_s instead. To disable deprecation, use _CRT_SECURE_NO_WARNINGS. See online help for details.
                 c:\program files (x86)\microsoft visual studio 10.0\vc\include\stdio.h(371) : see declaration of 'sprintf'
     1>c:\users\love1\desktop\hustbase\hustbase\sys_manager.cpp(252): warning C4996: 'sprintf': This function or variable may be unsafe. Consider using sprintf_s instead. To disable deprecation, use _CRT_SECURE_NO_WARNINGS. See online help for details.
                 c:\program files (x86)\microsoft visual studio 10.0\vc\include\stdio.h(371) : see declaration of 'sprintf'
     1>c:\users\love1\desktop\hustbase\hustbase\sys_manager.cpp(25): warning C4101: 'reccol' : unreferenced local variable
     1>c:\users\love1\desktop\hustbase\hustbase\sys_manager.cpp(31): warning C4101: 's' : unreferenced local variable
     1>c:\users\love1\desktop\hustbase\hustbase\sys_manager.cpp(25): warning C4101: 'recdata' : unreferenced local variable
     1>c:\users\love1\desktop\hustbase\hustbase\sys_manager.cpp(23): warning C4101: 'rm_data' : unreferenced local variable
     1>c:\users\love1\desktop\hustbase\hustbase\sys_manager.cpp(23): warning C4101: 'rm_reccol' : unreferenced local variable
     1>c:\users\love1\desktop\hustbase\hustbase\sys_manager.cpp(72): warning C4101: 'reccol' : unreferenced local variable
     1>c:\users\love1\desktop\hustbase\hustbase\sys_manager.cpp(78): warning C4101: 's' : unreferenced local variable
     1>c:\users\love1\desktop\hustbase\hustbase\sys_manager.cpp(72): warning C4101: 'recdata' : unreferenced local variable
     1>c:\users\love1\desktop\hustbase\hustbase\sys_manager.cpp(70): warning C4101: 'rm_data' : unreferenced local variable
     1>c:\users\love1\desktop\hustbase\hustbase\sys_manager.cpp(70): warning C4101: 'rm_reccol' : unreferenced local variable
     1>c:\users\love1\desktop\hustbase\hustbase\sys_manager.cpp(416): warning C4996: 'strcpy': This function or variable may be unsafe. Consider using strcpy_s instead. To disable deprecation, use _CRT_SECURE_NO_WARNINGS. See online help for details.
                 c:\program files (x86)\microsoft visual studio 10.0\vc\include\string.h(105) : see declaration of 'strcpy'
     1>c:\users\love1\desktop\hustbase\hustbase\sys_manager.cpp(417): warning C4996: 'strcat': This function or variable may be unsafe. Consider using strcat_s instead. To disable deprecation, use _CRT_SECURE_NO_WARNINGS. See online help for details.
                 c:\program files (x86)\microsoft visual studio 10.0\vc\include\string.h(110) : see declaration of 'strcat'
     1>c:\users\love1\desktop\hustbase\hustbase\sys_manager.cpp(418): warning C4996: 'strcat': This function or variable may be unsafe. Consider using strcat_s instead. To disable deprecation, use _CRT_SECURE_NO_WARNINGS. See online help for details.
                 c:\program files (x86)\microsoft visual studio 10.0\vc\include\string.h(110) : see declaration of 'strcat'
     1>c:\users\love1\desktop\hustbase\hustbase\sys_manager.cpp(436): warning C4996: 'strcpy': This function or variable may be unsafe. Consider using strcpy_s instead. To disable deprecation, use _CRT_SECURE_NO_WARNINGS. See online help for details.
                 c:\program files (x86)\microsoft visual studio 10.0\vc\include\string.h(105) : see declaration of 'strcpy'
     1>c:\users\love1\desktop\hustbase\hustbase\sys_manager.cpp(437): warning C4996: 'strcat': This function or variable may be unsafe. Consider using strcat_s instead. To disable deprecation, use _CRT_SECURE_NO_WARNINGS. See online help for details.
                 c:\program files (x86)\microsoft visual studio 10.0\vc\include\string.h(110) : see declaration of 'strcat'
     1>c:\users\love1\desktop\hustbase\hustbase\sys_manager.cpp(443): warning C4996: 'strcpy': This function or variable may be unsafe. Consider using strcpy_s instead. To disable deprecation, use _CRT_SECURE_NO_WARNINGS. See online help for details.
                 c:\program files (x86)\microsoft visual studio 10.0\vc\include\string.h(105) : see declaration of 'strcpy'
     1>c:\users\love1\desktop\hustbase\hustbase\sys_manager.cpp(444): warning C4996: 'strcat': This function or variable may be unsafe. Consider using strcat_s instead. To disable deprecation, use _CRT_SECURE_NO_WARNINGS. See online help for details.
                 c:\program files (x86)\microsoft visual studio 10.0\vc\include\string.h(110) : see declaration of 'strcat'
     1>c:\users\love1\desktop\hustbase\hustbase\sys_manager.cpp(445): warning C4996: 'strcat': This function or variable may be unsafe. Consider using strcat_s instead. To disable deprecation, use _CRT_SECURE_NO_WARNINGS. See online help for details.
                 c:\program files (x86)\microsoft visual studio 10.0\vc\include\string.h(110) : see declaration of 'strcat'
     1>c:\users\love1\desktop\hustbase\hustbase\sys_manager.cpp(491): warning C4996: 'access': The POSIX name for this item is deprecated. Instead, use the ISO C++ conformant name: _access. See online help for details.
                 c:\program files (x86)\microsoft visual studio 10.0\vc\include\io.h(299) : see declaration of 'access'
     1>c:\users\love1\desktop\hustbase\hustbase\sys_manager.cpp(492): warning C4996: 'access': The POSIX name for this item is deprecated. Instead, use the ISO C++ conformant name: _access. See online help for details.
                 c:\program files (x86)\microsoft visual studio 10.0\vc\include\io.h(299) : see declaration of 'access'
     1>c:\users\love1\desktop\hustbase\hustbase\sys_manager.cpp(563): warning C4996: 'strcat': This function or variable may be unsafe. Consider using strcat_s instead. To disable deprecation, use _CRT_SECURE_NO_WARNINGS. See online help for details.
                 c:\program files (x86)\microsoft visual studio 10.0\vc\include\string.h(110) : see declaration of 'strcat'
     1>c:\users\love1\desktop\hustbase\hustbase\sys_manager.cpp(564): warning C4996: 'strcat': This function or variable may be unsafe. Consider using strcat_s instead. To disable deprecation, use _CRT_SECURE_NO_WARNINGS. See online help for details.
                 c:\program files (x86)\microsoft visual studio 10.0\vc\include\string.h(110) : see declaration of 'strcat'
     1>c:\users\love1\desktop\hustbase\hustbase\sys_manager.cpp(565): warning C4996: 'strcat': This function or variable may be unsafe. Consider using strcat_s instead. To disable deprecation, use _CRT_SECURE_NO_WARNINGS. See online help for details.
                 c:\program files (x86)\microsoft visual studio 10.0\vc\include\string.h(110) : see declaration of 'strcat'
     1>c:\users\love1\desktop\hustbase\hustbase\sys_manager.cpp(1059): warning C4996: 'strcpy': This function or variable may be unsafe. Consider using strcpy_s instead. To disable deprecation, use _CRT_SECURE_NO_WARNINGS. See online help for details.
                 c:\program files (x86)\microsoft visual studio 10.0\vc\include\string.h(105) : see declaration of 'strcpy'
     1>c:\users\love1\desktop\hustbase\hustbase\sys_manager.cpp(1092): warning C4996: 'strcpy': This function or variable may be unsafe. Consider using strcpy_s instead. To disable deprecation, use _CRT_SECURE_NO_WARNINGS. See online help for details.
                 c:\program files (x86)\microsoft visual studio 10.0\vc\include\string.h(105) : see declaration of 'strcpy'
     1>c:\users\love1\desktop\hustbase\hustbase\sys_manager.cpp(1126): warning C4996: 'strcpy': This function or variable may be unsafe. Consider using strcpy_s instead. To disable deprecation, use _CRT_SECURE_NO_WARNINGS. See online help for details.
                 c:\program files (x86)\microsoft visual studio 10.0\vc\include\string.h(105) : see declaration of 'strcpy'
     1>c:\users\love1\desktop\hustbase\hustbase\sys_manager.cpp(1139): warning C4996: 'strcpy': This function or variable may be unsafe. Consider using strcpy_s instead. To disable deprecation, use _CRT_SECURE_NO_WARNINGS. See online help for details.
                 c:\program files (x86)\microsoft visual studio 10.0\vc\include\string.h(105) : see declaration of 'strcpy'
     1>c:\users\love1\desktop\hustbase\hustbase\sys_manager.cpp(956): warning C4101: 'attr' : unreferenced local variable
     1>c:\users\love1\desktop\hustbase\hustbase\sys_manager.cpp(956): warning C4101: 'index' : unreferenced local variable
     1>c:\users\love1\desktop\hustbase\hustbase\sys_manager.cpp(1235): warning C4996: 'access': The POSIX name for this item is deprecated. Instead, use the ISO C++ conformant name: _access. See online help for details.
                 c:\program files (x86)\microsoft visual studio 10.0\vc\include\io.h(299) : see declaration of 'access'
     1>c:\users\love1\desktop\hustbase\hustbase\sys_manager.cpp(1360): warning C4996: 'strcpy': This function or variable may be unsafe. Consider using strcpy_s instead. To disable deprecation, use _CRT_SECURE_NO_WARNINGS. See online help for details.
                 c:\program files (x86)\microsoft visual studio 10.0\vc\include\string.h(105) : see declaration of 'strcpy'
     1>c:\users\love1\desktop\hustbase\hustbase\sys_manager.cpp(1394): warning C4996: 'strcpy': This function or variable may be unsafe. Consider using strcpy_s instead. To disable deprecation, use _CRT_SECURE_NO_WARNINGS. See online help for details.
                 c:\program files (x86)\microsoft visual studio 10.0\vc\include\string.h(105) : see declaration of 'strcpy'
     1>c:\users\love1\desktop\hustbase\hustbase\sys_manager.cpp(1428): warning C4996: 'strcpy': This function or variable may be unsafe. Consider using strcpy_s instead. To disable deprecation, use _CRT_SECURE_NO_WARNINGS. See online help for details.
                 c:\program files (x86)\microsoft visual studio 10.0\vc\include\string.h(105) : see declaration of 'strcpy'
     1>c:\users\love1\desktop\hustbase\hustbase\sys_manager.cpp(1439): warning C4996: 'strcpy': This function or variable may be unsafe. Consider using strcpy_s instead. To disable deprecation, use _CRT_SECURE_NO_WARNINGS. See online help for details.
                 c:\program files (x86)\microsoft visual studio 10.0\vc\include\string.h(105) : see declaration of 'strcpy'
     1>c:\users\love1\desktop\hustbase\hustbase\sys_manager.cpp(1249): warning C4101: 'flag' : unreferenced local variable
         Generating Code...
         Compiling...
         TreeList.cpp
         TableList.cpp
         RM_Manager.cpp
     1>c:\users\love1\desktop\hustbase\hustbase\rm_manager.cpp(86): warning C4244: 'argument' : conversion from 'int' to 'float', possible loss of data
     1>c:\users\love1\desktop\hustbase\hustbase\rm_manager.cpp(86): warning C4244: 'argument' : conversion from 'int' to 'float', possible loss of data
     1>c:\users\love1\desktop\hustbase\hustbase\rm_manager.cpp(181): warning C4018: '<=' : signed/unsigned mismatch
     1>c:\users\love1\desktop\hustbase\hustbase\rm_manager.cpp(185): warning C4018: '>' : signed/unsigned mismatch
     1>c:\users\love1\desktop\hustbase\hustbase\rm_manager.cpp(341): warning C4244: '=' : conversion from 'double' to 'int', possible loss of data
         QU_Manager.cpp
     1>c:\users\love1\desktop\hustbase\hustbase\qu_manager.cpp(37): warning C4996: 'access': The POSIX name for this item is deprecated. Instead, use the ISO C++ conformant name: _access. See online help for details.
                 c:\program files (x86)\microsoft visual studio 10.0\vc\include\io.h(299) : see declaration of 'access'
     1>c:\users\love1\desktop\hustbase\hustbase\qu_manager.cpp(134): warning C4996: 'strncpy': This function or variable may be unsafe. Consider using strncpy_s instead. To disable deprecation, use _CRT_SECURE_NO_WARNINGS. See online help for details.
                 c:\program files (x86)\microsoft visual studio 10.0\vc\include\string.h(188) : see declaration of 'strncpy'
     1>c:\users\love1\desktop\hustbase\hustbase\qu_manager.cpp(179): warning C4996: 'strcpy': This function or variable may be unsafe. Consider using strcpy_s instead. To disable deprecation, use _CRT_SECURE_NO_WARNINGS. See online help for details.
                 c:\program files (x86)\microsoft visual studio 10.0\vc\include\string.h(105) : see declaration of 'strcpy'
     1>c:\users\love1\desktop\hustbase\hustbase\qu_manager.cpp(192): warning C4996: 'strcpy': This function or variable may be unsafe. Consider using strcpy_s instead. To disable deprecation, use _CRT_SECURE_NO_WARNINGS. See online help for details.
                 c:\program files (x86)\microsoft visual studio 10.0\vc\include\string.h(105) : see declaration of 'strcpy'
     1>c:\users\love1\desktop\hustbase\hustbase\qu_manager.cpp(389): warning C4996: 'strncpy': This function or variable may be unsafe. Consider using strncpy_s instead. To disable deprecation, use _CRT_SECURE_NO_WARNINGS. See online help for details.
                 c:\program files (x86)\microsoft visual studio 10.0\vc\include\string.h(188) : see declaration of 'strncpy'
     1>c:\users\love1\desktop\hustbase\hustbase\qu_manager.cpp(414): warning C4996: 'strncpy': This function or variable may be unsafe. Consider using strncpy_s instead. To disable deprecation, use _CRT_SECURE_NO_WARNINGS. See online help for details.
                 c:\program files (x86)\microsoft visual studio 10.0\vc\include\string.h(188) : see declaration of 'strncpy'
         MainFrm.cpp
         IX_Manager.cpp
         HustBaseView.cpp
         HustBaseDoc.cpp
         HustBase.cpp
     1>c:\users\love1\desktop\hustbase\hustbase\hustbase.cpp(69): warning C4996: 'CWinApp::Enable3dControls': CWinApp::Enable3dControls is no longer needed. You should remove this call.
                 c:\program files (x86)\microsoft visual studio 10.0\vc\atlmfc\include\afxwin.h(5380) : see declaration of 'CWinApp::Enable3dControls'
     1>c:\users\love1\desktop\hustbase\hustbase\hustbase.cpp(185): warning C4996: 'strcpy': This function or variable may be unsafe. Consider using strcpy_s instead. To disable deprecation, use _CRT_SECURE_NO_WARNINGS. See online help for details.
                 c:\program files (x86)\microsoft visual studio 10.0\vc\include\string.h(105) : see declaration of 'strcpy'
     1>c:\users\love1\desktop\hustbase\hustbase\hustbase.cpp(187): warning C4996: 'strcpy': This function or variable may be unsafe. Consider using strcpy_s instead. To disable deprecation, use _CRT_SECURE_NO_WARNINGS. See online help for details.
                 c:\program files (x86)\microsoft visual studio 10.0\vc\include\string.h(105) : see declaration of 'strcpy'
     1>c:\users\love1\desktop\hustbase\hustbase\hustbase.cpp(233): warning C4996: 'access': The POSIX name for this item is deprecated. Instead, use the ISO C++ conformant name: _access. See online help for details.
                 c:\program files (x86)\microsoft visual studio 10.0\vc\include\io.h(299) : see declaration of 'access'
         EditArea.cpp
     1>c:\users\love1\desktop\hustbase\hustbase\editarea.cpp(123): warning C4101: 'rc' : unreferenced local variable
     1>c:\users\love1\desktop\hustbase\hustbase\editarea.cpp(226): warning C4996: 'strcpy': This function or variable may be unsafe. Consider using strcpy_s instead. To disable deprecation, use _CRT_SECURE_NO_WARNINGS. See online help for details.
                 c:\program files (x86)\microsoft visual studio 10.0\vc\include\string.h(105) : see declaration of 'strcpy'
     1>c:\users\love1\desktop\hustbase\hustbase\editarea.cpp(239): warning C4996: 'strcpy': This function or variable may be unsafe. Consider using strcpy_s instead. To disable deprecation, use _CRT_SECURE_NO_WARNINGS. See online help for details.
                 c:\program files (x86)\microsoft visual studio 10.0\vc\include\string.h(105) : see declaration of 'strcpy'
         DBTest.cpp
     1>c:\users\love1\desktop\hustbase\hustbase\dbtest.cpp(61): warning C4996: 'strcpy': This function or variable may be unsafe. Consider using strcpy_s instead. To disable deprecation, use _CRT_SECURE_NO_WARNINGS. See online help for details.
                 c:\program files (x86)\microsoft visual studio 10.0\vc\include\string.h(105) : see declaration of 'strcpy'
     1>c:\users\love1\desktop\hustbase\hustbase\dbtest.cpp(78): warning C4996: 'strcpy': This function or variable may be unsafe. Consider using strcpy_s instead. To disable deprecation, use _CRT_SECURE_NO_WARNINGS. See online help for details.
                 c:\program files (x86)\microsoft visual studio 10.0\vc\include\string.h(105) : see declaration of 'strcpy'
     1>c:\users\love1\desktop\hustbase\hustbase\dbtest.cpp(84): warning C4996: 'strcpy': This function or variable may be unsafe. Consider using strcpy_s instead. To disable deprecation, use _CRT_SECURE_NO_WARNINGS. See online help for details.
                 c:\program files (x86)\microsoft visual studio 10.0\vc\include\string.h(105) : see declaration of 'strcpy'
     1>c:\users\love1\desktop\hustbase\hustbase\dbtest.cpp(88): warning C4996: 'strcpy': This function or variable may be unsafe. Consider using strcpy_s instead. To disable deprecation, use _CRT_SECURE_NO_WARNINGS. See online help for details.
                 c:\program files (x86)\microsoft visual studio 10.0\vc\include\string.h(105) : see declaration of 'strcpy'
     1>c:\users\love1\desktop\hustbase\hustbase\dbtest.cpp(144): warning C4996: 'strcpy': This function or variable may be unsafe. Consider using strcpy_s instead. To disable deprecation, use _CRT_SECURE_NO_WARNINGS. See online help for details.
                 c:\program files (x86)\microsoft visual studio 10.0\vc\include\string.h(105) : see declaration of 'strcpy'
     1>c:\users\love1\desktop\hustbase\hustbase\dbtest.cpp(190): warning C4996: 'strcpy': This function or variable may be unsafe. Consider using strcpy_s instead. To disable deprecation, use _CRT_SECURE_NO_WARNINGS. See online help for details.
                 c:\program files (x86)\microsoft visual studio 10.0\vc\include\string.h(105) : see declaration of 'strcpy'
     1>c:\users\love1\desktop\hustbase\hustbase\dbtest.cpp(191): warning C4996: 'strcat': This function or variable may be unsafe. Consider using strcat_s instead. To disable deprecation, use _CRT_SECURE_NO_WARNINGS. See online help for details.
                 c:\program files (x86)\microsoft visual studio 10.0\vc\include\string.h(110) : see declaration of 'strcat'
     1>c:\users\love1\desktop\hustbase\hustbase\dbtest.cpp(192): warning C4996: 'strcat': This function or variable may be unsafe. Consider using strcat_s instead. To disable deprecation, use _CRT_SECURE_NO_WARNINGS. See online help for details.
                 c:\program files (x86)\microsoft visual studio 10.0\vc\include\string.h(110) : see declaration of 'strcat'
     1>c:\users\love1\desktop\hustbase\hustbase\dbtest.cpp(222): warning C4996: 'strcpy': This function or variable may be unsafe. Consider using strcpy_s instead. To disable deprecation, use _CRT_SECURE_NO_WARNINGS. See online help for details.
                 c:\program files (x86)\microsoft visual studio 10.0\vc\include\string.h(105) : see declaration of 'strcpy'
     1>c:\users\love1\desktop\hustbase\hustbase\dbtest.cpp(229): warning C4996: 'strcpy': This function or variable may be unsafe. Consider using strcpy_s instead. To disable deprecation, use _CRT_SECURE_NO_WARNINGS. See online help for details.
                 c:\program files (x86)\microsoft visual studio 10.0\vc\include\string.h(105) : see declaration of 'strcpy'
     1>c:\users\love1\desktop\hustbase\hustbase\dbtest.cpp(236): warning C4996: 'strcpy': This function or variable may be unsafe. Consider using strcpy_s instead. To disable deprecation, use _CRT_SECURE_NO_WARNINGS. See online help for details.
                 c:\program files (x86)\microsoft visual studio 10.0\vc\include\string.h(105) : see declaration of 'strcpy'
     1>c:\users\love1\desktop\hustbase\hustbase\dbtest.cpp(136): warning C4101: 'lpszCurDir' : unreferenced local variable
     1>c:\users\love1\desktop\hustbase\hustbase\dbtest.cpp(137): warning C4101: 'tchBuffer' : unreferenced local variable
         Generating Code...
     1>c:\users\love1\desktop\hustbase\hustbase\hustbasedoc.cpp(50): warning C4700: uninitialized local variable 'pos' used
         c:\Program Files (x86)\Microsoft Visual Studio 10.0\VC\bin\CL.exe /c /ZI /nologo /W3 /WX- /Od /Oy- /D WIN32 /D _DEBUG /D _WINDOWS /D _VC80_UPGRADE=0x0600 /D _MBCS /D _AFXDLL /Gm /EHsc /RTC1 /MDd /GS /Gy- /fp:precise /Zc:wchar_t /Zc:forScope /Fo".\Debug\\" /Fd".\Debug\vc100.pdb" /FR"Debug\\" /Gd /TC /analyze- /errorReport:prompt parse.c yacc_sql.tab.c
         yacc_sql.tab.c
     1>yacc_sql.tab.c(363): warning C4273: 'malloc' : inconsistent dll linkage
                 c:\program files (x86)\microsoft visual studio 10.0\vc\include\stdlib.h(600) : see previous definition of 'malloc'
     1>yacc_sql.tab.c(370): warning C4273: 'free' : inconsistent dll linkage
                 c:\program files (x86)\microsoft visual studio 10.0\vc\include\stdlib.h(599) : see previous definition of 'free'
     1>yacc_sql.y(165): warning C4996: 'strcpy': This function or variable may be unsafe. Consider using strcpy_s instead. To disable deprecation, use _CRT_SECURE_NO_WARNINGS. See online help for details.
                 c:\program files (x86)\microsoft visual studio 10.0\vc\include\string.h(105) : see declaration of 'strcpy'
     1>yacc_sql.y(172): warning C4996: 'strcpy': This function or variable may be unsafe. Consider using strcpy_s instead. To disable deprecation, use _CRT_SECURE_NO_WARNINGS. See online help for details.
                 c:\program files (x86)\microsoft visual studio 10.0\vc\include\string.h(105) : see declaration of 'strcpy'
     1>yacc_sql.y(237): warning C4996: 'sprintf': This function or variable may be unsafe. Consider using sprintf_s instead. To disable deprecation, use _CRT_SECURE_NO_WARNINGS. See online help for details.
                 c:\program files (x86)\microsoft visual studio 10.0\vc\include\stdio.h(371) : see declaration of 'sprintf'
         parse.c
     1>c:\users\love1\desktop\hustbase\hustbase\parse.c(85): warning C4013: 'yy_switch_to_buffer' undefined; assuming extern returning int
     1>c:\users\love1\desktop\hustbase\hustbase\parse.c(85): warning C4013: 'yy_scan_string' undefined; assuming extern returning int
         Generating Code...
       ResourceCompile:
         All outputs are up-to-date.
       ManifestResourceCompile:
         All outputs are up-to-date.
       Link:
         c:\Program Files (x86)\Microsoft Visual Studio 10.0\VC\bin\link.exe /ERRORREPORT:PROMPT /OUT:".\Debug\HustBase.exe" /INCREMENTAL /NOLOGO /DEF:"HustBase.def" /MANIFEST /ManifestFile:"Debug\HustBase.exe.intermediate.manifest" /MANIFESTUAC:"level='asInvoker' uiAccess='false'" /DEBUG /PDB:"C:\Users\love1\Desktop\HustBase\hustbase\Debug\HustBase.pdb" /SUBSYSTEM:WINDOWS /TLBID:1 /DYNAMICBASE /NXCOMPAT /IMPLIB:"Debug\HustBase.lib" /MACHINE:X86 Debug\HustBase.res
         Debug\HustBase.exe.embed.manifest.res
         .\Debug\bitmanager.obj
         .\Debug\DBTest.obj
         .\Debug\EditArea.obj
         .\Debug\HustBase.obj
         .\Debug\HustBaseDoc.obj
         .\Debug\HustBaseView.obj
         .\Debug\IX_Manager.obj
         .\Debug\lex.yy.obj
         .\Debug\MainFrm.obj
         .\Debug\parse.obj
         .\Debug\PF_Manager.obj
         .\Debug\QU_Manager.obj
         .\Debug\RM_Manager.obj
         .\Debug\StdAfx.obj
         .\Debug\SYS_Manager.obj
         .\Debug\TableList.obj
         .\Debug\TreeList.obj
         .\Debug\yacc_sql.tab.obj
       Manifest:
         C:\Program Files (x86)\Microsoft SDKs\Windows\v7.0A\bin\mt.exe /nologo /verbose /out:"Debug\HustBase.exe.embed.manifest" /manifest Debug\HustBase.exe.intermediate.manifest "c:\Program Files (x86)\Microsoft Visual Studio 10.0\VC\Include\Manifest\dpiaware.manifest"
         All outputs are up-to-date.
       LinkEmbedManifest:
         All outputs are up-to-date.
         HustBase.vcxproj -> C:\Users\love1\Desktop\HustBase\hustbase\Debug\HustBase.exe
       BscMake:
         c:\Program Files (x86)\Microsoft Visual Studio 10.0\VC\bin\bscmake.exe /nologo /o".\Debug\HustBase.bsc" Debug\bitmanager.sbr Debug\DBTest.sbr Debug\EditArea.sbr Debug\HustBase.sbr Debug\HustBaseDoc.sbr Debug\HustBaseView.sbr Debug\IX_Manager.sbr Debug\lex.yy.sbr Debug\MainFrm.sbr Debug\parse.sbr Debug\PF_Manager.sbr Debug\QU_Manager.sbr Debug\RM_Manager.sbr Debug\StdAfx.sbr Debug\SYS_Manager.sbr Debug\TableList.sbr Debug\TreeList.sbr Debug\yacc_sql.tab.sbr
       FinalizeBuildStatus:
         Deleting file "Debug\HustBase.unsuccessfulbuild".
         Touching "Debug\HustBase.lastbuildstate".
     1>Done Building Project "C:\Users\love1\Desktop\HustBase\hustbase\HustBase.vcxproj" (build target(s)).

Build succeeded.

Time Elapsed 00:00:04.89
